# JRE version: OpenJDK Runtime Environment Temurin-21.0.10+7 (21.0.10+7) (build 21.0.10+7-LTS)
# Java VM: OpenJDK 64-Bit Server VM Temurin-21.0.10+7 (21.0.10+7-LTS, mixed mode, sharing, tiered, compressed oops, compressed class ptrs, parallel gc, windows-amd64)
GC Precious Log:
 CardTable entry size: 512
 CPUs: 12 total, 12 available
 Memory: 7876M
 Large Page Support: Disabled
 NUMA Support: Disabled
 Compressed Oops: Enabled (32-bit)
 Alignments: Space 512K, Generation 512K, Heap 2M
 Heap Min Capacity: 100M
 Heap Initial Capacity: 100M
 Heap Max Capacity: 2G
 Pre-touch: Disabled
 Parallel Workers: 10
Heap:
 PSYoungGen      total 4608K, used 4602K [0x00000000d5580000, 0x00000000d5b80000, 0x0000000100000000)
  eden space 4096K, 100% used [0x00000000d5580000,0x00000000d5980000,0x00000000d5980000)
  from space 512K, 98% used [0x00000000d5a00000,0x00000000d5a7e920,0x00000000d5a80000)
  to   space 1024K, 37% used [0x00000000d5a80000,0x00000000d5ae0000,0x00000000d5b80000)
 ParOldGen       total 794624K, used 794617K [0x0000000080000000, 0x00000000b0800000, 0x00000000d5580000)
  object space 794624K, 99% used [0x0000000080000000,0x00000000b07fe588,0x00000000b0800000)
 Metaspace       used 98768K, committed 100736K, reserved 1179648K
  class space    used 10826K, committed 11712K, reserved 1048576K
GC Heap History (20 events):
Event: 158.736 GC heap before
{Heap before GC invocations=1670 (full 4):
 PSYoungGen      total 1024K, used 992K [0x00000000d5580000, 0x00000000d5900000, 0x0000000100000000)
  eden space 512K, 100% used [0x00000000d5580000,0x00000000d5600000,0x00000000d5600000)
  from space 512K, 93% used [0x00000000d5600000,0x00000000d5678000,0x00000000d5680000)
  to   space 1024K, 0% used [0x00000000d5800000,0x00000000d5800000,0x00000000d5900000)
 ParOldGen       total 788480K, used 788020K [0x0000000080000000, 0x00000000b0200000, 0x00000000d5580000)
  object space 788480K, 99% used [0x0000000080000000,0x00000000b018d0f8,0x00000000b0200000)
 Metaspace       used 98611K, committed 100544K, reserved 1179648K
  class space    used 10821K, committed 11712K, reserved 1048576K
}
Event: 158.753 GC heap after
{Heap after GC invocations=1670 (full 4):
 PSYoungGen      total 2048K, used 608K [0x00000000d5580000, 0x00000000d5900000, 0x0000000100000000)
  eden space 1024K, 0% used [0x00000000d5580000,0x00000000d5580000,0x00000000d5680000)
  from space 1024K, 59% used [0x00000000d5800000,0x00000000d5898000,0x00000000d5900000)
  to   space 1024K, 0% used [0x00000000d5700000,0x00000000d5700000,0x00000000d5800000)
 ParOldGen       total 788992K, used 788508K [0x0000000080000000, 0x00000000b0280000, 0x00000000d5580000)
  object space 788992K, 99% used [0x0000000080000000,0x00000000b02070f8,0x00000000b0280000)
 Metaspace       used 98611K, committed 100544K, reserved 1179648K
  class space    used 10821K, committed 11712K, reserved 1048576K
}
Event: 158.763 GC heap before
{Heap before GC invocations=1671 (full 4):
 PSYoungGen      total 2048K, used 1632K [0x00000000d5580000, 0x00000000d5900000, 0x0000000100000000)
  eden space 1024K, 100% used [0x00000000d5580000,0x00000000d5680000,0x00000000d5680000)
  from space 1024K, 59% used [0x00000000d5800000,0x00000000d5898000,0x00000000d5900000)
  to   space 1024K, 0% used [0x00000000d5700000,0x00000000d5700000,0x00000000d5800000)
 ParOldGen       total 788992K, used 788508K [0x0000000080000000, 0x00000000b0280000, 0x00000000d5580000)
  object space 788992K, 99% used [0x0000000080000000,0x00000000b02070f8,0x00000000b0280000)
 Metaspace       used 98611K, committed 100544K, reserved 1179648K
  class space    used 10821K, committed 11712K, reserved 1048576K
}
Event: 158.773 GC heap after
{Heap after GC invocations=1671 (full 4):
 PSYoungGen      total 2560K, used 1024K [0x00000000d5580000, 0x00000000d5b00000, 0x0000000100000000)
  eden space 1536K, 0% used [0x00000000d5580000,0x00000000d5580000,0x00000000d5700000)
  from space 1024K, 100% used [0x00000000d5700000,0x00000000d5800000,0x00000000d5800000)
  to   space 2048K, 0% used [0x00000000d5900000,0x00000000d5900000,0x00000000d5b00000)
 ParOldGen       total 789504K, used 789028K [0x0000000080000000, 0x00000000b0300000, 0x00000000d5580000)
  object space 789504K, 99% used [0x0000000080000000,0x00000000b02890f8,0x00000000b0300000)
 Metaspace       used 98611K, committed 100544K, reserved 1179648K
  class space    used 10821K, committed 11712K, reserved 1048576K
}
Event: 158.819 GC heap before
{Heap before GC invocations=1672 (full 4):
 PSYoungGen      total 2560K, used 2559K [0x00000000d5580000, 0x00000000d5b00000, 0x0000000100000000)
  eden space 1536K, 99% used [0x00000000d5580000,0x00000000d56fffb8,0x00000000d5700000)
  from space 1024K, 100% used [0x00000000d5700000,0x00000000d5800000,0x00000000d5800000)
  to   space 2048K, 0% used [0x00000000d5900000,0x00000000d5900000,0x00000000d5b00000)
 ParOldGen       total 789504K, used 789028K [0x0000000080000000, 0x00000000b0300000, 0x00000000d5580000)
  object space 789504K, 99% used [0x0000000080000000,0x00000000b02890f8,0x00000000b0300000)
 Metaspace       used 98617K, committed 100544K, reserved 1179648K
  class space    used 10821K, committed 11712K, reserved 1048576K
}
Event: 158.832 GC heap after
{Heap after GC invocations=1672 (full 4):
 PSYoungGen      total 3584K, used 1228K [0x00000000d5580000, 0x00000000d5a80000, 0x0000000100000000)
  eden space 2048K, 0% used [0x00000000d5580000,0x00000000d5580000,0x00000000d5780000)
  from space 1536K, 79% used [0x00000000d5900000,0x00000000d5a33090,0x00000000d5a80000)
  to   space 1536K, 0% used [0x00000000d5780000,0x00000000d5780000,0x00000000d5900000)
 ParOldGen       total 790528K, used 790044K [0x0000000080000000, 0x00000000b0400000, 0x00000000d5580000)
  object space 790528K, 99% used [0x0000000080000000,0x00000000b03870f8,0x00000000b0400000)
 Metaspace       used 98617K, committed 100544K, reserved 1179648K
  class space    used 10821K, committed 11712K, reserved 1048576K
}
Event: 158.848 GC heap before
{Heap before GC invocations=1673 (full 4):
 PSYoungGen      total 3584K, used 3276K [0x00000000d5580000, 0x00000000d5a80000, 0x0000000100000000)
  eden space 2048K, 99% used [0x00000000d5580000,0x00000000d577ffd8,0x00000000d5780000)
  from space 1536K, 79% used [0x00000000d5900000,0x00000000d5a33090,0x00000000d5a80000)
  to   space 1536K, 0% used [0x00000000d5780000,0x00000000d5780000,0x00000000d5900000)
 ParOldGen       total 790528K, used 790044K [0x0000000080000000, 0x00000000b0400000, 0x00000000d5580000)
  object space 790528K, 99% used [0x0000000080000000,0x00000000b03870f8,0x00000000b0400000)
 Metaspace       used 98617K, committed 100544K, reserved 1179648K
  class space    used 10821K, committed 11712K, reserved 1048576K
}
Event: 158.857 GC heap after
{Heap after GC invocations=1673 (full 4):
 PSYoungGen      total 3584K, used 1536K [0x00000000d5580000, 0x00000000d5f00000, 0x0000000100000000)
  eden space 2048K, 0% used [0x00000000d5580000,0x00000000d5580000,0x00000000d5780000)
  from space 1536K, 100% used [0x00000000d5780000,0x00000000d5900000,0x00000000d5900000)
  to   space 3584K, 0% used [0x00000000d5b80000,0x00000000d5b80000,0x00000000d5f00000)
 ParOldGen       total 792064K, used 791584K [0x0000000080000000, 0x00000000b0580000, 0x00000000d5580000)
  object space 792064K, 99% used [0x0000000080000000,0x00000000b0508188,0x00000000b0580000)
 Metaspace       used 98617K, committed 100544K, reserved 1179648K
  class space    used 10821K, committed 11712K, reserved 1048576K
}
Event: 158.957 GC heap before
{Heap before GC invocations=1674 (full 4):
 PSYoungGen      total 3584K, used 3584K [0x00000000d5580000, 0x00000000d5f00000, 0x0000000100000000)
  eden space 2048K, 100% used [0x00000000d5580000,0x00000000d5780000,0x00000000d5780000)
  from space 1536K, 100% used [0x00000000d5780000,0x00000000d5900000,0x00000000d5900000)
  to   space 3584K, 0% used [0x00000000d5b80000,0x00000000d5b80000,0x00000000d5f00000)
 ParOldGen       total 792064K, used 791584K [0x0000000080000000, 0x00000000b0580000, 0x00000000d5580000)
  object space 792064K, 99% used [0x0000000080000000,0x00000000b0508188,0x00000000b0580000)
 Metaspace       used 98632K, committed 100608K, reserved 1179648K
  class space    used 10821K, committed 11712K, reserved 1048576K
}
Event: 158.971 GC heap after
{Heap after GC invocations=1674 (full 4):
 PSYoungGen      total 3584K, used 1012K [0x00000000d5580000, 0x00000000d5c80000, 0x0000000100000000)
  eden space 2560K, 0% used [0x00000000d5580000,0x00000000d5580000,0x00000000d5800000)
  from space 1024K, 98% used [0x00000000d5b80000,0x00000000d5c7d200,0x00000000d5c80000)
  to   space 2048K, 0% used [0x00000000d5880000,0x00000000d5880000,0x00000000d5a80000)
 ParOldGen       total 793600K, used 793136K [0x0000000080000000, 0x00000000b0700000, 0x00000000d5580000)
  object space 793600K, 99% used [0x0000000080000000,0x00000000b068c188,0x00000000b0700000)
 Metaspace       used 98632K, committed 100608K, reserved 1179648K
  class space    used 10821K, committed 11712K, reserved 1048576K
}
Event: 158.995 GC heap before
{Heap before GC invocations=1675 (full 4):
 PSYoungGen      total 3584K, used 3572K [0x00000000d5580000, 0x00000000d5c80000, 0x0000000100000000)
  eden space 2560K, 100% used [0x00000000d5580000,0x00000000d5800000,0x00000000d5800000)
  from space 1024K, 98% used [0x00000000d5b80000,0x00000000d5c7d200,0x00000000d5c80000)
  to   space 2048K, 0% used [0x00000000d5880000,0x00000000d5880000,0x00000000d5a80000)
 ParOldGen       total 793600K, used 793136K [0x0000000080000000, 0x00000000b0700000, 0x00000000d5580000)
  object space 793600K, 99% used [0x0000000080000000,0x00000000b068c188,0x00000000b0700000)
 Metaspace       used 98632K, committed 100608K, reserved 1179648K
  class space    used 10821K, committed 11712K, reserved 1048576K
}
Event: 159.004 GC heap after
{Heap after GC invocations=1675 (full 4):
 PSYoungGen      total 5120K, used 1644K [0x00000000d5580000, 0x00000000d5c80000, 0x0000000100000000)
  eden space 3072K, 0% used [0x00000000d5580000,0x00000000d5580000,0x00000000d5880000)
  from space 2048K, 80% used [0x00000000d5880000,0x00000000d5a1b090,0x00000000d5a80000)
  to   space 2048K, 0% used [0x00000000d5a80000,0x00000000d5a80000,0x00000000d5c80000)
 ParOldGen       total 794112K, used 794036K [0x0000000080000000, 0x00000000b0780000, 0x00000000d5580000)
  object space 794112K, 99% used [0x0000000080000000,0x00000000b076d388,0x00000000b0780000)
 Metaspace       used 98632K, committed 100608K, reserved 1179648K
  class space    used 10821K, committed 11712K, reserved 1048576K
}
Event: 161.306 GC heap before
{Heap before GC invocations=1676 (full 4):
 PSYoungGen      total 5120K, used 4716K [0x00000000d5580000, 0x00000000d5c80000, 0x0000000100000000)
  eden space 3072K, 100% used [0x00000000d5580000,0x00000000d5880000,0x00000000d5880000)
  from space 2048K, 80% used [0x00000000d5880000,0x00000000d5a1b090,0x00000000d5a80000)
  to   space 2048K, 0% used [0x00000000d5a80000,0x00000000d5a80000,0x00000000d5c80000)
 ParOldGen       total 794112K, used 794036K [0x0000000080000000, 0x00000000b0780000, 0x00000000d5580000)
  object space 794112K, 99% used [0x0000000080000000,0x00000000b076d388,0x00000000b0780000)
 Metaspace       used 98669K, committed 100608K, reserved 1179648K
  class space    used 10821K, committed 11712K, reserved 1048576K
}
Event: 161.321 GC heap after
{Heap after GC invocations=1676 (full 4):
 PSYoungGen      total 5120K, used 256K [0x00000000d5580000, 0x00000000d5b80000, 0x0000000100000000)
  eden space 4096K, 0% used [0x00000000d5580000,0x00000000d5580000,0x00000000d5980000)
  from space 1024K, 25% used [0x00000000d5a80000,0x00000000d5ac0000,0x00000000d5b80000)
  to   space 1024K, 0% used [0x00000000d5980000,0x00000000d5980000,0x00000000d5a80000)
 ParOldGen       total 794112K, used 794100K [0x0000000080000000, 0x00000000b0780000, 0x00000000d5580000)
  object space 794112K, 99% used [0x0000000080000000,0x00000000b077d388,0x00000000b0780000)
 Metaspace       used 98669K, committed 100608K, reserved 1179648K
  class space    used 10821K, committed 11712K, reserved 1048576K
}
Event: 188.953 GC heap before
{Heap before GC invocations=1677 (full 4):
 PSYoungGen      total 5120K, used 4352K [0x00000000d5580000, 0x00000000d5b80000, 0x0000000100000000)
  eden space 4096K, 100% used [0x00000000d5580000,0x00000000d5980000,0x00000000d5980000)
  from space 1024K, 25% used [0x00000000d5a80000,0x00000000d5ac0000,0x00000000d5b80000)
  to   space 1024K, 0% used [0x00000000d5980000,0x00000000d5980000,0x00000000d5a80000)
 ParOldGen       total 794112K, used 794100K [0x0000000080000000, 0x00000000b0780000, 0x00000000d5580000)
  object space 794112K, 99% used [0x0000000080000000,0x00000000b077d388,0x00000000b0780000)
 Metaspace       used 98688K, committed 100608K, reserved 1179648K
  class space    used 10822K, committed 11712K, reserved 1048576K
}
Event: 188.959 GC heap after
{Heap after GC invocations=1677 (full 4):
 PSYoungGen      total 5120K, used 634K [0x00000000d5580000, 0x00000000d5b80000, 0x0000000100000000)
  eden space 4096K, 0% used [0x00000000d5580000,0x00000000d5580000,0x00000000d5980000)
  from space 1024K, 61% used [0x00000000d5980000,0x00000000d5a1e900,0x00000000d5a80000)
  to   space 1024K, 0% used [0x00000000d5a80000,0x00000000d5a80000,0x00000000d5b80000)
 ParOldGen       total 794624K, used 794156K [0x0000000080000000, 0x00000000b0800000, 0x00000000d5580000)
  object space 794624K, 99% used [0x0000000080000000,0x00000000b078b388,0x00000000b0800000)
 Metaspace       used 98688K, committed 100608K, reserved 1179648K
  class space    used 10822K, committed 11712K, reserved 1048576K
}
Event: 190.012 GC heap before
{Heap before GC invocations=1678 (full 4):
 PSYoungGen      total 5120K, used 4730K [0x00000000d5580000, 0x00000000d5b80000, 0x0000000100000000)
  eden space 4096K, 100% used [0x00000000d5580000,0x00000000d5980000,0x00000000d5980000)
  from space 1024K, 61% used [0x00000000d5980000,0x00000000d5a1e900,0x00000000d5a80000)
  to   space 1024K, 0% used [0x00000000d5a80000,0x00000000d5a80000,0x00000000d5b80000)
 ParOldGen       total 794624K, used 794156K [0x0000000080000000, 0x00000000b0800000, 0x00000000d5580000)
  object space 794624K, 99% used [0x0000000080000000,0x00000000b078b388,0x00000000b0800000)
 Metaspace       used 98749K, committed 100672K, reserved 1179648K
  class space    used 10826K, committed 11712K, reserved 1048576K
}
Event: 190.018 GC heap after
{Heap after GC invocations=1678 (full 4):
 PSYoungGen      total 4608K, used 288K [0x00000000d5580000, 0x00000000d5b00000, 0x0000000100000000)
  eden space 4096K, 0% used [0x00000000d5580000,0x00000000d5580000,0x00000000d5980000)
  from space 512K, 56% used [0x00000000d5a80000,0x00000000d5ac8000,0x00000000d5b00000)
  to   space 512K, 0% used [0x00000000d5a00000,0x00000000d5a00000,0x00000000d5a80000)
 ParOldGen       total 794624K, used 794228K [0x0000000080000000, 0x00000000b0800000, 0x00000000d5580000)
  object space 794624K, 99% used [0x0000000080000000,0x00000000b079d388,0x00000000b0800000)
 Metaspace       used 98749K, committed 100672K, reserved 1179648K
  class space    used 10826K, committed 11712K, reserved 1048576K
}
Event: 190.060 GC heap before
{Heap before GC invocations=1679 (full 4):
 PSYoungGen      total 4608K, used 4384K [0x00000000d5580000, 0x00000000d5b00000, 0x0000000100000000)
  eden space 4096K, 100% used [0x00000000d5580000,0x00000000d5980000,0x00000000d5980000)
  from space 512K, 56% used [0x00000000d5a80000,0x00000000d5ac8000,0x00000000d5b00000)
  to   space 512K, 0% used [0x00000000d5a00000,0x00000000d5a00000,0x00000000d5a80000)
 ParOldGen       total 794624K, used 794228K [0x0000000080000000, 0x00000000b0800000, 0x00000000d5580000)
  object space 794624K, 99% used [0x0000000080000000,0x00000000b079d388,0x00000000b0800000)
 Metaspace       used 98752K, committed 100672K, reserved 1179648K
  class space    used 10826K, committed 11712K, reserved 1048576K
}
Event: 190.063 GC heap after
{Heap after GC invocations=1679 (full 4):
 PSYoungGen      total 4608K, used 506K [0x00000000d5580000, 0x00000000d5b80000, 0x0000000100000000)
  eden space 4096K, 0% used [0x00000000d5580000,0x00000000d5580000,0x00000000d5980000)
  from space 512K, 98% used [0x00000000d5a00000,0x00000000d5a7e920,0x00000000d5a80000)
  to   space 1024K, 0% used [0x00000000d5a80000,0x00000000d5a80000,0x00000000d5b80000)
 ParOldGen       total 794624K, used 794396K [0x0000000080000000, 0x00000000b0800000, 0x00000000d5580000)
  object space 794624K, 99% used [0x0000000080000000,0x00000000b07c7388,0x00000000b0800000)
 Metaspace       used 98752K, committed 100672K, reserved 1179648K
  class space    used 10826K, committed 11712K, reserved 1048576K
}

